2023-03-09 12:07:10.640  INFO 1408 --- [restartedMain] com.example.demo.SpringJenkins           : Starting SpringJenkins using Java 17.0.6 on DESKTOP-364I39V with PID 1408 (C:\JenkinsSpringTutorial\SpringJenkins\target\classes started by admin in C:\JenkinsSpringTutorial\SpringJenkins)
2023-03-09 12:07:10.650  INFO 1408 --- [restartedMain] com.example.demo.SpringJenkins           : No active profile set, falling back to 1 default profile: "default"
2023-03-09 12:07:11.045  INFO 1408 --- [restartedMain] .e.DevToolsPropertyDefaultsPostProcessor : Devtools property defaults active! Set 'spring.devtools.add-properties' to 'false' to disable
2023-03-09 12:07:11.053  INFO 1408 --- [restartedMain] .e.DevToolsPropertyDefaultsPostProcessor : For additional web related logging consider setting the 'logging.level.web' property to 'DEBUG'
2023-03-09 12:07:13.061  INFO 1408 --- [restartedMain] trationDelegate$BeanPostProcessorChecker : Bean 'org.springframework.ws.config.annotation.DelegatingWsConfiguration' of type [org.springframework.ws.config.annotation.DelegatingWsConfiguration$$EnhancerBySpringCGLIB$$65acfbb8] is not eligible for getting processed by all BeanPostProcessors (for example: not eligible for auto-proxying)
2023-03-09 12:07:13.354  INFO 1408 --- [restartedMain] .w.s.a.s.AnnotationActionEndpointMapping : Supporting [WS-Addressing August 2004, WS-Addressing 1.0]
2023-03-09 12:07:14.777  INFO 1408 --- [restartedMain] o.s.b.w.embedded.tomcat.TomcatWebServer  : Tomcat initialized with port(s): 8081 (http)
2023-03-09 12:07:14.833  INFO 1408 --- [restartedMain] o.apache.catalina.core.StandardService   : Starting service [Tomcat]
2023-03-09 12:07:14.851  INFO 1408 --- [restartedMain] org.apache.catalina.core.StandardEngine  : Starting Servlet engine: [Apache Tomcat/9.0.58]
2023-03-09 12:07:15.168  INFO 1408 --- [restartedMain] o.a.c.c.C.[Tomcat].[localhost].[/]       : Initializing Spring embedded WebApplicationContext
2023-03-09 12:07:15.169  INFO 1408 --- [restartedMain] w.s.c.ServletWebServerApplicationContext : Root WebApplicationContext: initialization completed in 4113 ms
2023-03-09 12:07:15.382  INFO 1408 --- [restartedMain] com.example.demo.SpringJenkins           : Application started..
2023-03-09 12:07:16.418  INFO 1408 --- [restartedMain] o.s.b.d.a.OptionalLiveReloadServer       : LiveReload server is running on port 35729
2023-03-09 12:07:16.622  INFO 1408 --- [restartedMain] o.s.b.w.embedded.tomcat.TomcatWebServer  : Tomcat started on port(s): 8081 (http) with context path ''
2023-03-09 12:07:16.691  INFO 1408 --- [restartedMain] com.example.demo.SpringJenkins           : Started SpringJenkins in 7.85 seconds (JVM running for 10.33)
2023-03-09 12:07:40.314  INFO 1408 --- [http-nio-8081-exec-1] o.a.c.c.C.[Tomcat].[localhost].[/]       : Initializing Spring DispatcherServlet 'dispatcherServlet'
2023-03-09 12:07:40.317  INFO 1408 --- [http-nio-8081-exec-1] o.s.web.servlet.DispatcherServlet        : Initializing Servlet 'dispatcherServlet'
2023-03-09 12:07:40.324  INFO 1408 --- [http-nio-8081-exec-1] o.s.web.servlet.DispatcherServlet        : Completed initialization in 4 ms
2023-03-09 12:08:59.744  INFO 1408 --- [restartedMain] com.example.demo.SpringJenkins           : Starting SpringJenkins using Java 17.0.6 on DESKTOP-364I39V with PID 1408 (C:\JenkinsSpringTutorial\SpringJenkins\target\classes started by admin in C:\JenkinsSpringTutorial\SpringJenkins)
2023-03-09 12:08:59.745  INFO 1408 --- [restartedMain] com.example.demo.SpringJenkins           : No active profile set, falling back to 1 default profile: "default"
2023-03-09 12:09:00.463  INFO 1408 --- [restartedMain] trationDelegate$BeanPostProcessorChecker : Bean 'org.springframework.ws.config.annotation.DelegatingWsConfiguration' of type [org.springframework.ws.config.annotation.DelegatingWsConfiguration$$EnhancerBySpringCGLIB$$65acfbb8] is not eligible for getting processed by all BeanPostProcessors (for example: not eligible for auto-proxying)
2023-03-09 12:09:00.496  INFO 1408 --- [restartedMain] .w.s.a.s.AnnotationActionEndpointMapping : Supporting [WS-Addressing August 2004, WS-Addressing 1.0]
2023-03-09 12:09:00.639  INFO 1408 --- [restartedMain] o.s.b.w.embedded.tomcat.TomcatWebServer  : Tomcat initialized with port(s): 8081 (http)
2023-03-09 12:09:00.642  INFO 1408 --- [restartedMain] o.apache.catalina.core.StandardService   : Starting service [Tomcat]
2023-03-09 12:09:00.642  INFO 1408 --- [restartedMain] org.apache.catalina.core.StandardEngine  : Starting Servlet engine: [Apache Tomcat/9.0.58]
2023-03-09 12:09:00.757  INFO 1408 --- [restartedMain] o.a.c.c.C.[Tomcat].[localhost].[/]       : Initializing Spring embedded WebApplicationContext
2023-03-09 12:09:00.758  INFO 1408 --- [restartedMain] w.s.c.ServletWebServerApplicationContext : Root WebApplicationContext: initialization completed in 1003 ms
2023-03-09 12:09:00.806  INFO 1408 --- [restartedMain] com.example.demo.SpringJenkins           : Application started..
2023-03-09 12:09:01.144  INFO 1408 --- [restartedMain] o.s.b.d.a.OptionalLiveReloadServer       : LiveReload server is running on port 35729
2023-03-09 12:09:01.198  INFO 1408 --- [restartedMain] o.s.b.w.embedded.tomcat.TomcatWebServer  : Tomcat started on port(s): 8081 (http) with context path ''
2023-03-09 12:09:01.209  INFO 1408 --- [restartedMain] com.example.demo.SpringJenkins           : Started SpringJenkins in 1.545 seconds (JVM running for 114.849)
2023-03-09 12:09:01.212  INFO 1408 --- [restartedMain] .ConditionEvaluationDeltaLoggingListener : Condition evaluation unchanged
2023-03-09 12:09:23.150  INFO 1408 --- [http-nio-8081-exec-1] o.a.c.c.C.[Tomcat].[localhost].[/]       : Initializing Spring DispatcherServlet 'dispatcherServlet'
2023-03-09 12:09:23.150  INFO 1408 --- [http-nio-8081-exec-1] o.s.web.servlet.DispatcherServlet        : Initializing Servlet 'dispatcherServlet'
2023-03-09 12:09:23.153  INFO 1408 --- [http-nio-8081-exec-1] o.s.web.servlet.DispatcherServlet        : Completed initialization in 2 ms
2023-03-09 12:12:15.545  INFO 1408 --- [restartedMain] com.example.demo.SpringJenkins           : Starting SpringJenkins using Java 17.0.6 on DESKTOP-364I39V with PID 1408 (C:\JenkinsSpringTutorial\SpringJenkins\target\classes started by admin in C:\JenkinsSpringTutorial\SpringJenkins)
2023-03-09 12:12:15.547  INFO 1408 --- [restartedMain] com.example.demo.SpringJenkins           : No active profile set, falling back to 1 default profile: "default"
2023-03-09 12:12:17.096  INFO 1408 --- [restartedMain] trationDelegate$BeanPostProcessorChecker : Bean 'org.springframework.ws.config.annotation.DelegatingWsConfiguration' of type [org.springframework.ws.config.annotation.DelegatingWsConfiguration$$EnhancerBySpringCGLIB$$65acfbb8] is not eligible for getting processed by all BeanPostProcessors (for example: not eligible for auto-proxying)
2023-03-09 12:12:17.127  INFO 1408 --- [restartedMain] .w.s.a.s.AnnotationActionEndpointMapping : Supporting [WS-Addressing August 2004, WS-Addressing 1.0]
2023-03-09 12:12:17.241  INFO 1408 --- [restartedMain] o.s.b.w.embedded.tomcat.TomcatWebServer  : Tomcat initialized with port(s): 8081 (http)
2023-03-09 12:12:17.247  INFO 1408 --- [restartedMain] o.apache.catalina.core.StandardService   : Starting service [Tomcat]
2023-03-09 12:12:17.249  INFO 1408 --- [restartedMain] org.apache.catalina.core.StandardEngine  : Starting Servlet engine: [Apache Tomcat/9.0.58]
